[debug] [2021-10-04T07:00:45.026Z] ----------------------------------------------------------------------
[debug] [2021-10-04T07:00:45.028Z] Command:       C:\Program Files\nodejs\node.exe C:\Users\ganat\AppData\Roaming\npm\node_modules\firebase-tools\lib\bin\firebase.js init
[debug] [2021-10-04T07:00:45.029Z] CLI Version:   9.19.0
[debug] [2021-10-04T07:00:45.029Z] Platform:      win32
[debug] [2021-10-04T07:00:45.029Z] Node Version:  v14.15.0
[debug] [2021-10-04T07:00:45.030Z] Time:          Mon Oct 04 2021 12:30:45 GMT+0530 (India Standard Time)
[debug] [2021-10-04T07:00:45.030Z] ----------------------------------------------------------------------
[debug] 
[debug] [2021-10-04T07:00:45.039Z] > command requires scopes: ["email","openid","https://www.googleapis.com/auth/cloudplatformprojects.readonly","https://www.googleapis.com/auth/firebase","https://www.googleapis.com/auth/cloud-platform"]
[debug] [2021-10-04T07:00:45.039Z] > authorizing via signed-in user (ganatrabhavy@gmail.com)
[info] 
     ######## #### ########  ######## ########     ###     ######  ########
     ##        ##  ##     ## ##       ##     ##  ##   ##  ##       ##
     ######    ##  ########  ######   ########  #########  ######  ######
     ##        ##  ##    ##  ##       ##     ## ##     ##       ## ##
     ##       #### ##     ## ######## ########  ##     ##  ######  ########

You're about to initialize a Firebase project in this directory:

  D:\javascript\Projects\twitter-clone

[info] 
=== Project Setup
[info] 
[info] First, let's associate this project directory with a Firebase project.
[info] You can create multiple project aliases by running firebase use --add, 
[info] but for now we'll just set up a default project.
[info] 
[debug] [2021-10-04T07:01:01.954Z] > refreshing access token with scopes: []
[debug] [2021-10-04T07:01:01.954Z] >>> HTTP REQUEST POST https://www.googleapis.com/oauth2/v3/token  
 <request body omitted>
[debug] [2021-10-04T07:01:02.361Z] <<< HTTP RESPONSE 200 {"cache-control":"no-cache, no-store, max-age=0, must-revalidate","pragma":"no-cache","expires":"Mon, 01 Jan 1990 00:00:00 GMT","date":"Mon, 04 Oct 2021 07:01:01 GMT","content-type":"application/json; charset=utf-8","vary":"X-Origin, Referer, Origin,Accept-Encoding","server":"scaffolding on HTTPServer2","x-xss-protection":"0","x-frame-options":"SAMEORIGIN","x-content-type-options":"nosniff","alt-svc":"h3=\":443\"; ma=2592000,h3-29=\":443\"; ma=2592000,h3-T051=\":443\"; ma=2592000,h3-Q050=\":443\"; ma=2592000,h3-Q046=\":443\"; ma=2592000,h3-Q043=\":443\"; ma=2592000,quic=\":443\"; ma=2592000; v=\"46,43\"","accept-ranges":"none","transfer-encoding":"chunked"}
[debug] [2021-10-04T07:01:02.430Z] >>> [apiv2][query] GET https://firebase.googleapis.com/v1beta1/projects pageSize=100
[debug] [2021-10-04T07:01:03.343Z] <<< [apiv2][status] GET https://firebase.googleapis.com/v1beta1/projects 200
[debug] [2021-10-04T07:01:03.343Z] <<< [apiv2][body] GET https://firebase.googleapis.com/v1beta1/projects [omitted]
[info] i  Using project twitter-clone-317ee (twitter-clone) 
[info] 
=== Hosting Setup
[info] 
[info] Your public directory is the folder (relative to your project directory) that
[info] will contain Hosting assets to be uploaded with firebase deploy. If you
[info] have a build process for your assets, use your build's output directory.
[info] 
[debug] [2021-10-04T07:01:58.982Z] >>> [apiv2][query] GET https://www.gstatic.com/firebasejs/releases.json [none]
[debug] [2021-10-04T07:01:59.278Z] <<< [apiv2][status] GET https://www.gstatic.com/firebasejs/releases.json 200
[debug] [2021-10-04T07:01:59.279Z] <<< [apiv2][body] GET https://www.gstatic.com/firebasejs/releases.json {"current":{"version":"9.1.1","browserURL":"https://www.gstatic.com/firebasejs/9.1.1/firebase.js","packageURL":"https://www.gstatic.com/firebasejs/9.1.1/firebase.tgz"},"live":{"version":"9.1","browserURL":"https://www.gstatic.com/firebasejs/live/9.1/firebase.js","packageURL":"https://www.gstatic.com/firebasejs/live/9.1/firebase.tgz"},"components":{"analytics":"https://www.gstatic.com/firebasejs/9.1.1/firebase-analytics.js","app":"https://www.gstatic.com/firebasejs/9.1.1/firebase-app.js","app-check":"https://www.gstatic.com/firebasejs/9.1.1/firebase-app-check.js","auth":"https://www.gstatic.com/firebasejs/9.1.1/firebase-auth.js","auth/cordova":"https://www.gstatic.com/firebasejs/9.1.1/firebase-auth/cordova.js","auth/react-native":"https://www.gstatic.com/firebasejs/9.1.1/firebase-auth/react-native.js","functions":"https://www.gstatic.com/firebasejs/9.1.1/firebase-functions.js","firestore":"https://www.gstatic.com/firebasejs/9.1.1/firebase-firestore.js","firestore/lite":"https://www.gstatic.com/firebasejs/9.1.1/firebase-firestore/lite.js","storage":"https://www.gstatic.com/firebasejs/9.1.1/firebase-storage.js","performance":"https://www.gstatic.com/firebasejs/9.1.1/firebase-performance.js","remote-config":"https://www.gstatic.com/firebasejs/9.1.1/firebase-remote-config.js","messaging":"https://www.gstatic.com/firebasejs/9.1.1/firebase-messaging.js","messaging/sw":"https://www.gstatic.com/firebasejs/9.1.1/firebase-messaging/sw.js","database":"https://www.gstatic.com/firebasejs/9.1.1/firebase-database.js","firestore.memory":"https://www.gstatic.com/firebasejs/9.1.1/firebase-firestore.memory.js"}}
[info] +  Wrote build/index.html 
[info] 
[info] i  Didn't detect a .git folder. Assuming D:\javascript\Projects\twitter-clone is the project root. 
[info] i  Authorizing with GitHub to upload your service account to a GitHub repository's secrets store. 
[info] 
[info] Visit this URL on this device to log in:
[info] https://github.com/login/oauth/authorize?client_id=89cf50f02ac6aaed3484&state=322036369&redirect_uri=http%3A%2F%2Flocalhost%3A9005&scope=read%3Auser%20repo%20public_repo
[info] 
[info] Waiting for authentication...
[debug] [2021-10-04T07:02:21.961Z] >>> HTTP REQUEST POST https://github.com/login/oauth/access_token  
 {"client_id":"89cf50f02ac6aaed3484","client_secret":"3330d14abc895d9a74d5f17cd7a00711fa2c5bf0","code":"3a1dd2ac7ee4f6026083","redirect_uri":"http://localhost:9005","state":"322036369"}
[debug] [2021-10-04T07:02:22.554Z] <<< HTTP RESPONSE 200 {"server":"GitHub.com","date":"Mon, 04 Oct 2021 07:02:21 GMT","content-type":"application/json; charset=utf-8","transfer-encoding":"chunked","vary":"X-PJAX, X-PJAX-Container, Accept-Encoding, Accept, X-Requested-With","permissions-policy":"interest-cohort=()","etag":"W/\"6fdd06570ea234433d2cb2c05a0e7919\"","cache-control":"max-age=0, private, must-revalidate","strict-transport-security":"max-age=31536000; includeSubdomains; preload","x-frame-options":"deny","x-content-type-options":"nosniff","x-xss-protection":"0","referrer-policy":"origin-when-cross-origin, strict-origin-when-cross-origin","expect-ct":"max-age=2592000, report-uri=\"https://api.github.com/_private/browser/errors\"","content-security-policy":"default-src 'none'; base-uri 'self'; block-all-mixed-content; child-src github.com/assets-cdn/worker/ gist.github.com/assets-cdn/worker/; connect-src 'self' uploads.github.com www.githubstatus.com collector.githubapp.com api.github.com github-cloud.s3.amazonaws.com github-production-repository-file-5c1aeb.s3.amazonaws.com github-production-upload-manifest-file-7fdce7.s3.amazonaws.com github-production-user-asset-6210df.s3.amazonaws.com cdn.optimizely.com logx.optimizely.com/v1/events translator.github.com wss://alive.github.com; font-src github.githubassets.com; form-action 'self' github.com gist.github.com; frame-ancestors 'none'; frame-src render.githubusercontent.com viewscreen.githubusercontent.com viewscreen-lab.githubusercontent.com; img-src 'self' data: github.githubassets.com identicons.github.com collector.githubapp.com github-cloud.s3.amazonaws.com secured-user-images.githubusercontent.com/ *.githubusercontent.com; manifest-src 'self'; media-src github.com user-images.githubusercontent.com/; script-src github.githubassets.com; style-src 'unsafe-inline' github.githubassets.com; worker-src github.com/assets-cdn/worker/ gist.github.com/assets-cdn/worker/ github.com/socket-worker-0af8a29d.js gist.github.com/socket-worker-0af8a29d.js","x-github-request-id":"5D43:516B:44997:A012F:615AA6FD"}
[debug] [2021-10-04T07:02:22.559Z] >>> [apiv2][query] GET https://api.github.com/user [none]
[debug] [2021-10-04T07:02:23.211Z] <<< [apiv2][status] GET https://api.github.com/user 200
[debug] [2021-10-04T07:02:23.212Z] <<< [apiv2][body] GET https://api.github.com/user {"login":"bhavya-ganatra","id":47827493,"node_id":"MDQ6VXNlcjQ3ODI3NDkz","avatar_url":"https://avatars.githubusercontent.com/u/47827493?v=4","gravatar_id":"","url":"https://api.github.com/users/bhavya-ganatra","html_url":"https://github.com/bhavya-ganatra","followers_url":"https://api.github.com/users/bhavya-ganatra/followers","following_url":"https://api.github.com/users/bhavya-ganatra/following{/other_user}","gists_url":"https://api.github.com/users/bhavya-ganatra/gists{/gist_id}","starred_url":"https://api.github.com/users/bhavya-ganatra/starred{/owner}{/repo}","subscriptions_url":"https://api.github.com/users/bhavya-ganatra/subscriptions","organizations_url":"https://api.github.com/users/bhavya-ganatra/orgs","repos_url":"https://api.github.com/users/bhavya-ganatra/repos","events_url":"https://api.github.com/users/bhavya-ganatra/events{/privacy}","received_events_url":"https://api.github.com/users/bhavya-ganatra/received_events","type":"User","site_admin":false,"name":"Bhavya Ganatra","company":null,"blog":"","location":null,"email":null,"hireable":null,"bio":"Interested in machine learning and computer vision","twitter_username":null,"public_repos":8,"public_gists":0,"followers":6,"following":6,"created_at":"2019-02-20T17:08:58Z","updated_at":"2021-09-15T15:15:09Z","private_gists":0,"total_private_repos":0,"owned_private_repos":0,"disk_usage":30898,"collaborators":0,"two_factor_authentication":false,"plan":{"name":"pro","space":976562499,"collaborators":0,"private_repos":9999}}
[info] 
[info] +  Success! Logged into GitHub as bhavya-ganatra 
[info] 
[debug] [2021-10-04T07:02:54.413Z] >>> [apiv2][query] GET https://api.github.com/repos/twitter-clone/actions/secrets/public-key type=owner
[debug] [2021-10-04T07:02:54.818Z] <<< [apiv2][status] GET https://api.github.com/repos/twitter-clone/actions/secrets/public-key 404
[debug] [2021-10-04T07:02:54.818Z] <<< [apiv2][body] GET https://api.github.com/repos/twitter-clone/actions/secrets/public-key {"message":"Not Found","documentation_url":"https://docs.github.com/rest"}
[debug] [2021-10-04T07:03:03.874Z] >>> [apiv2][query] GET https://api.github.com/repos/twitter-clone/actions/secrets/public-key type=owner
[debug] [2021-10-04T07:03:04.401Z] <<< [apiv2][status] GET https://api.github.com/repos/twitter-clone/actions/secrets/public-key 404
[debug] [2021-10-04T07:03:04.401Z] <<< [apiv2][body] GET https://api.github.com/repos/twitter-clone/actions/secrets/public-key {"message":"Not Found","documentation_url":"https://docs.github.com/rest"}
[debug] [2021-10-04T07:03:22.432Z] >>> [apiv2][query] GET https://api.github.com/repos/bhavya-ganatra/twitter-clone/actions/secrets/public-key type=owner
[debug] [2021-10-04T07:03:22.955Z] <<< [apiv2][status] GET https://api.github.com/repos/bhavya-ganatra/twitter-clone/actions/secrets/public-key 404
[debug] [2021-10-04T07:03:22.955Z] <<< [apiv2][body] GET https://api.github.com/repos/bhavya-ganatra/twitter-clone/actions/secrets/public-key {"message":"Not Found","documentation_url":"https://docs.github.com/rest/reference/actions#get-a-repository-public-key"}
